# JRE version: Java(TM) SE Runtime Environment (17.0.7+8) (build 17.0.7+8-LTS-224)
# Java VM: Java HotSpot(TM) 64-Bit Server VM (17.0.7+8-LTS-224, mixed mode, sharing, tiered, compressed oops, compressed class ptrs, g1 gc, windows-amd64)
GC Precious Log:
 CPUs: 4 total, 4 available
 Memory: 7879M
 Large Page Support: Disabled
 NUMA Support: Disabled
 Compressed Oops: Enabled (32-bit)
 Heap Region Size: 1M
 Heap Min Capacity: 8M
 Heap Initial Capacity: 124M
 Heap Max Capacity: 1970M
 Pre-touch: Disabled
 Parallel Workers: 4
 Concurrent Workers: 1
 Concurrent Refinement Workers: 4
 Periodic GC: Disabled
Heap:
 garbage-first heap   total 55296K, used 19405K [0x0000000084e00000, 0x0000000100000000)
  region size 1024K, 5 young (5120K), 3 survivors (3072K)
 Metaspace       used 28113K, committed 28416K, reserved 1081344K
  class space    used 3618K, committed 3776K, reserved 1048576K
GC Heap History (16 events):
Event: 1.676 GC heap before
{Heap before GC invocations=0 (full 0):
 garbage-first heap   total 126976K, used 13312K [0x0000000084e00000, 0x0000000100000000)
  region size 1024K, 13 young (13312K), 0 survivors (0K)
 Metaspace       used 2708K, committed 2816K, reserved 1056768K
  class space    used 245K, committed 320K, reserved 1048576K
}
Event: 1.707 GC heap after
{Heap after GC invocations=1 (full 0):
 garbage-first heap   total 126976K, used 7774K [0x0000000084e00000, 0x0000000100000000)
  region size 1024K, 2 young (2048K), 2 survivors (2048K)
 Metaspace       used 2708K, committed 2816K, reserved 1056768K
  class space    used 245K, committed 320K, reserved 1048576K
}
Event: 2.474 GC heap before
{Heap before GC invocations=1 (full 0):
 garbage-first heap   total 126976K, used 18014K [0x0000000084e00000, 0x0000000100000000)
  region size 1024K, 12 young (12288K), 2 survivors (2048K)
 Metaspace       used 4955K, committed 5056K, reserved 1056768K
  class space    used 529K, committed 576K, reserved 1048576K
}
Event: 2.478 GC heap after
{Heap after GC invocations=2 (full 0):
 garbage-first heap   total 126976K, used 8427K [0x0000000084e00000, 0x0000000100000000)
  region size 1024K, 1 young (1024K), 1 survivors (1024K)
 Metaspace       used 4955K, committed 5056K, reserved 1056768K
  class space    used 529K, committed 576K, reserved 1048576K
}
Event: 4.015 GC heap before
{Heap before GC invocations=2 (full 0):
 garbage-first heap   total 126976K, used 29931K [0x0000000084e00000, 0x0000000100000000)
  region size 1024K, 23 young (23552K), 1 survivors (1024K)
 Metaspace       used 10764K, committed 10944K, reserved 1064960K
  class space    used 1352K, committed 1408K, reserved 1048576K
}
Event: 4.025 GC heap after
{Heap after GC invocations=3 (full 0):
 garbage-first heap   total 126976K, used 10164K [0x0000000084e00000, 0x0000000100000000)
  region size 1024K, 3 young (3072K), 3 survivors (3072K)
 Metaspace       used 10764K, committed 10944K, reserved 1064960K
  class space    used 1352K, committed 1408K, reserved 1048576K
}
Event: 8.984 GC heap before
{Heap before GC invocations=3 (full 0):
 garbage-first heap   total 126976K, used 79796K [0x0000000084e00000, 0x0000000100000000)
  region size 1024K, 72 young (73728K), 3 survivors (3072K)
 Metaspace       used 20986K, committed 21248K, reserved 1073152K
  class space    used 2622K, committed 2752K, reserved 1048576K
}
Event: 9.000 GC heap after
{Heap after GC invocations=4 (full 0):
 garbage-first heap   total 126976K, used 14034K [0x0000000084e00000, 0x0000000100000000)
  region size 1024K, 7 young (7168K), 7 survivors (7168K)
 Metaspace       used 20986K, committed 21248K, reserved 1073152K
  class space    used 2622K, committed 2752K, reserved 1048576K
}
Event: 9.869 GC heap before
{Heap before GC invocations=4 (full 0):
 garbage-first heap   total 126976K, used 18130K [0x0000000084e00000, 0x0000000100000000)
  region size 1024K, 12 young (12288K), 7 survivors (7168K)
 Metaspace       used 21253K, committed 21504K, reserved 1073152K
  class space    used 2657K, committed 2752K, reserved 1048576K
}
Event: 9.879 GC heap after
{Heap after GC invocations=5 (full 0):
 garbage-first heap   total 126976K, used 14870K [0x0000000084e00000, 0x0000000100000000)
  region size 1024K, 5 young (5120K), 5 survivors (5120K)
 Metaspace       used 21253K, committed 21504K, reserved 1073152K
  class space    used 2657K, committed 2752K, reserved 1048576K
}
Event: 12.574 GC heap before
{Heap before GC invocations=6 (full 0):
 garbage-first heap   total 55296K, used 42518K [0x0000000084e00000, 0x0000000100000000)
  region size 1024K, 32 young (32768K), 5 survivors (5120K)
 Metaspace       used 24130K, committed 24448K, reserved 1073152K
  class space    used 3065K, committed 3200K, reserved 1048576K
}
Event: 12.583 GC heap after
{Heap after GC invocations=7 (full 0):
 garbage-first heap   total 55296K, used 16289K [0x0000000084e00000, 0x0000000100000000)
  region size 1024K, 3 young (3072K), 3 survivors (3072K)
 Metaspace       used 24130K, committed 24448K, reserved 1073152K
  class space    used 3065K, committed 3200K, reserved 1048576K
}
Event: 12.737 GC heap before
{Heap before GC invocations=7 (full 0):
 garbage-first heap   total 55296K, used 17313K [0x0000000084e00000, 0x0000000100000000)
  region size 1024K, 4 young (4096K), 3 survivors (3072K)
 Metaspace       used 24220K, committed 24512K, reserved 1073152K
  class space    used 3075K, committed 3200K, reserved 1048576K
}
Event: 12.743 GC heap after
{Heap after GC invocations=8 (full 0):
 garbage-first heap   total 55296K, used 16624K [0x0000000084e00000, 0x0000000100000000)
  region size 1024K, 1 young (1024K), 1 survivors (1024K)
 Metaspace       used 24220K, committed 24512K, reserved 1073152K
  class space    used 3075K, committed 3200K, reserved 1048576K
}
Event: 19.153 GC heap before
{Heap before GC invocations=8 (full 0):
 garbage-first heap   total 55296K, used 39152K [0x0000000084e00000, 0x0000000100000000)
  region size 1024K, 23 young (23552K), 1 survivors (1024K)
 Metaspace       used 27690K, committed 28032K, reserved 1081344K
  class space    used 3568K, committed 3776K, reserved 1048576K
}
Event: 19.160 GC heap after
{Heap after GC invocations=9 (full 0):
 garbage-first heap   total 55296K, used 18381K [0x0000000084e00000, 0x0000000100000000)
  region size 1024K, 3 young (3072K), 3 survivors (3072K)
 Metaspace       used 27690K, committed 28032K, reserved 1081344K
  class space    used 3568K, committed 3776K, reserved 1048576K
}

