# JRE version: Java(TM) SE Runtime Environment (17.0.7+8) (build 17.0.7+8-LTS-224)
# Java VM: Java HotSpot(TM) 64-Bit Server VM (17.0.7+8-LTS-224, mixed mode, sharing, tiered, compressed oops, compressed class ptrs, g1 gc, windows-amd64)
GC Precious Log:
 CPUs: 4 total, 4 available
 Memory: 7879M
 Large Page Support: Disabled
 NUMA Support: Disabled
 Compressed Oops: Enabled (32-bit)
 Heap Region Size: 1M
 Heap Min Capacity: 8M
 Heap Initial Capacity: 124M
 Heap Max Capacity: 1970M
 Pre-touch: Disabled
 Parallel Workers: 4
 Concurrent Workers: 1
 Concurrent Refinement Workers: 4
 Periodic GC: Disabled
Heap:
 garbage-first heap   total 75776K, used 53760K [0x0000000084e00000, 0x0000000100000000)
  region size 1024K, 16 young (16384K), 3 survivors (3072K)
 Metaspace       used 24401K, committed 24704K, reserved 1073152K
  class space    used 2673K, committed 2816K, reserved 1048576K
GC Heap History (18 events):
Event: 3.543 GC heap before
{Heap before GC invocations=0 (full 0):
 garbage-first heap   total 126976K, used 12288K [0x0000000084e00000, 0x0000000100000000)
  region size 1024K, 13 young (13312K), 0 survivors (0K)
 Metaspace       used 3597K, committed 3712K, reserved 1056768K
  class space    used 369K, committed 384K, reserved 1048576K
}
Event: 3.685 GC heap after
{Heap after GC invocations=1 (full 0):
 garbage-first heap   total 126976K, used 3166K [0x0000000084e00000, 0x0000000100000000)
  region size 1024K, 2 young (2048K), 2 survivors (2048K)
 Metaspace       used 3597K, committed 3712K, reserved 1056768K
  class space    used 369K, committed 384K, reserved 1048576K
}
Event: 5.331 GC heap before
{Heap before GC invocations=1 (full 0):
 garbage-first heap   total 126976K, used 15454K [0x0000000084e00000, 0x0000000100000000)
  region size 1024K, 14 young (14336K), 2 survivors (2048K)
 Metaspace       used 5357K, committed 5504K, reserved 1056768K
  class space    used 610K, committed 704K, reserved 1048576K
}
Event: 5.339 GC heap after
{Heap after GC invocations=2 (full 0):
 garbage-first heap   total 126976K, used 4106K [0x0000000084e00000, 0x0000000100000000)
  region size 1024K, 1 young (1024K), 1 survivors (1024K)
 Metaspace       used 5357K, committed 5504K, reserved 1056768K
  class space    used 610K, committed 704K, reserved 1048576K
}
Event: 7.828 GC heap before
{Heap before GC invocations=2 (full 0):
 garbage-first heap   total 126976K, used 32778K [0x0000000084e00000, 0x0000000100000000)
  region size 1024K, 29 young (29696K), 1 survivors (1024K)
 Metaspace       used 9838K, committed 9984K, reserved 1064960K
  class space    used 1188K, committed 1280K, reserved 1048576K
}
Event: 7.839 GC heap after
{Heap after GC invocations=3 (full 0):
 garbage-first heap   total 126976K, used 5711K [0x0000000084e00000, 0x0000000100000000)
  region size 1024K, 3 young (3072K), 3 survivors (3072K)
 Metaspace       used 9838K, committed 9984K, reserved 1064960K
  class space    used 1188K, committed 1280K, reserved 1048576K
}
Event: 13.885 GC heap before
{Heap before GC invocations=3 (full 0):
 garbage-first heap   total 126976K, used 78415K [0x0000000084e00000, 0x0000000100000000)
  region size 1024K, 74 young (75776K), 3 survivors (3072K)
 Metaspace       used 13388K, committed 13568K, reserved 1064960K
  class space    used 1510K, committed 1600K, reserved 1048576K
}
Event: 13.915 GC heap after
{Heap after GC invocations=4 (full 0):
 garbage-first heap   total 126976K, used 12600K [0x0000000084e00000, 0x0000000100000000)
  region size 1024K, 10 young (10240K), 10 survivors (10240K)
 Metaspace       used 13388K, committed 13568K, reserved 1064960K
  class space    used 1510K, committed 1600K, reserved 1048576K
}
Event: 20.064 GC heap before
{Heap before GC invocations=4 (full 0):
 garbage-first heap   total 126976K, used 78136K [0x0000000084e00000, 0x0000000100000000)
  region size 1024K, 74 young (75776K), 10 survivors (10240K)
 Metaspace       used 15098K, committed 15296K, reserved 1064960K
  class space    used 1640K, committed 1728K, reserved 1048576K
}
Event: 20.097 GC heap after
{Heap after GC invocations=5 (full 0):
 garbage-first heap   total 126976K, used 15992K [0x0000000084e00000, 0x0000000100000000)
  region size 1024K, 4 young (4096K), 4 survivors (4096K)
 Metaspace       used 15098K, committed 15296K, reserved 1064960K
  class space    used 1640K, committed 1728K, reserved 1048576K
}
Event: 24.869 GC heap before
{Heap before GC invocations=5 (full 0):
 garbage-first heap   total 126976K, used 48760K [0x0000000084e00000, 0x0000000100000000)
  region size 1024K, 37 young (37888K), 4 survivors (4096K)
 Metaspace       used 21295K, committed 21504K, reserved 1073152K
  class space    used 2381K, committed 2496K, reserved 1048576K
}
Event: 24.885 GC heap after
{Heap after GC invocations=6 (full 0):
 garbage-first heap   total 126976K, used 18640K [0x0000000084e00000, 0x0000000100000000)
  region size 1024K, 7 young (7168K), 7 survivors (7168K)
 Metaspace       used 21295K, committed 21504K, reserved 1073152K
  class space    used 2381K, committed 2496K, reserved 1048576K
}
Event: 30.112 GC heap before
{Heap before GC invocations=7 (full 0):
 garbage-first heap   total 68608K, used 53456K [0x0000000084e00000, 0x0000000100000000)
  region size 1024K, 40 young (40960K), 7 survivors (7168K)
 Metaspace       used 23428K, committed 23744K, reserved 1073152K
  class space    used 2597K, committed 2752K, reserved 1048576K
}
Event: 30.149 GC heap after
{Heap after GC invocations=8 (full 0):
 garbage-first heap   total 75776K, used 34036K [0x0000000084e00000, 0x0000000100000000)
  region size 1024K, 5 young (5120K), 5 survivors (5120K)
 Metaspace       used 23428K, committed 23744K, reserved 1073152K
  class space    used 2597K, committed 2752K, reserved 1048576K
}
Event: 30.161 GC heap before
{Heap before GC invocations=8 (full 0):
 garbage-first heap   total 75776K, used 35060K [0x0000000084e00000, 0x0000000100000000)
  region size 1024K, 6 young (6144K), 5 survivors (5120K)
 Metaspace       used 23428K, committed 23744K, reserved 1073152K
  class space    used 2597K, committed 2752K, reserved 1048576K
}
Event: 30.174 GC heap after
{Heap after GC invocations=9 (full 0):
 garbage-first heap   total 75776K, used 35840K [0x0000000084e00000, 0x0000000100000000)
  region size 1024K, 1 young (1024K), 1 survivors (1024K)
 Metaspace       used 23428K, committed 23744K, reserved 1073152K
  class space    used 2597K, committed 2752K, reserved 1048576K
}
Event: 33.219 GC heap before
{Heap before GC invocations=9 (full 0):
 garbage-first heap   total 75776K, used 55296K [0x0000000084e00000, 0x0000000100000000)
  region size 1024K, 20 young (20480K), 1 survivors (1024K)
 Metaspace       used 24098K, committed 24384K, reserved 1073152K
  class space    used 2667K, committed 2816K, reserved 1048576K
}
Event: 33.235 GC heap after
{Heap after GC invocations=10 (full 0):
 garbage-first heap   total 75776K, used 40448K [0x0000000084e00000, 0x0000000100000000)
  region size 1024K, 3 young (3072K), 3 survivors (3072K)
 Metaspace       used 24098K, committed 24384K, reserved 1073152K
  class space    used 2667K, committed 2816K, reserved 1048576K
}

