# JRE version: Java(TM) SE Runtime Environment (17.0.7+8) (build 17.0.7+8-LTS-224)
# Java VM: Java HotSpot(TM) 64-Bit Server VM (17.0.7+8-LTS-224, mixed mode, sharing, tiered, compressed oops, compressed class ptrs, g1 gc, windows-amd64)
GC Precious Log:
 CPUs: 4 total, 4 available
 Memory: 7879M
 Large Page Support: Disabled
 NUMA Support: Disabled
 Compressed Oops: Enabled (32-bit)
 Heap Region Size: 1M
 Heap Min Capacity: 8M
 Heap Initial Capacity: 124M
 Heap Max Capacity: 1970M
 Pre-touch: Disabled
 Parallel Workers: 4
 Concurrent Workers: 1
 Concurrent Refinement Workers: 4
 Periodic GC: Disabled
Heap:
 garbage-first heap   total 58368K, used 22848K [0x0000000084e00000, 0x0000000100000000)
  region size 1024K, 9 young (9216K), 4 survivors (4096K)
 Metaspace       used 28661K, committed 28992K, reserved 1081344K
  class space    used 3731K, committed 3904K, reserved 1048576K
GC Heap History (14 events):
Event: 2.363 GC heap before
{Heap before GC invocations=0 (full 0):
 garbage-first heap   total 126976K, used 13312K [0x0000000084e00000, 0x0000000100000000)
  region size 1024K, 13 young (13312K), 0 survivors (0K)
 Metaspace       used 2661K, committed 2816K, reserved 1056768K
  class space    used 238K, committed 320K, reserved 1048576K
}
Event: 2.374 GC heap after
{Heap after GC invocations=1 (full 0):
 garbage-first heap   total 126976K, used 7903K [0x0000000084e00000, 0x0000000100000000)
  region size 1024K, 2 young (2048K), 2 survivors (2048K)
 Metaspace       used 2661K, committed 2816K, reserved 1056768K
  class space    used 238K, committed 320K, reserved 1048576K
}
Event: 4.462 GC heap before
{Heap before GC invocations=1 (full 0):
 garbage-first heap   total 126976K, used 15071K [0x0000000084e00000, 0x0000000100000000)
  region size 1024K, 9 young (9216K), 2 survivors (2048K)
 Metaspace       used 4672K, committed 4864K, reserved 1056768K
  class space    used 486K, committed 576K, reserved 1048576K
}
Event: 4.469 GC heap after
{Heap after GC invocations=2 (full 0):
 garbage-first heap   total 126976K, used 9009K [0x0000000084e00000, 0x0000000100000000)
  region size 1024K, 1 young (1024K), 1 survivors (1024K)
 Metaspace       used 4672K, committed 4864K, reserved 1056768K
  class space    used 486K, committed 576K, reserved 1048576K
}
Event: 6.372 GC heap before
{Heap before GC invocations=2 (full 0):
 garbage-first heap   total 126976K, used 29489K [0x0000000084e00000, 0x0000000100000000)
  region size 1024K, 21 young (21504K), 1 survivors (1024K)
 Metaspace       used 9312K, committed 9536K, reserved 1064960K
  class space    used 1131K, committed 1216K, reserved 1048576K
}
Event: 6.385 GC heap after
{Heap after GC invocations=3 (full 0):
 garbage-first heap   total 126976K, used 10565K [0x0000000084e00000, 0x0000000100000000)
  region size 1024K, 3 young (3072K), 3 survivors (3072K)
 Metaspace       used 9312K, committed 9536K, reserved 1064960K
  class space    used 1131K, committed 1216K, reserved 1048576K
}
Event: 10.661 GC heap before
{Heap before GC invocations=3 (full 0):
 garbage-first heap   total 126976K, used 83269K [0x0000000084e00000, 0x0000000100000000)
  region size 1024K, 74 young (75776K), 3 survivors (3072K)
 Metaspace       used 20754K, committed 20992K, reserved 1073152K
  class space    used 2587K, committed 2688K, reserved 1048576K
}
Event: 10.673 GC heap after
{Heap after GC invocations=4 (full 0):
 garbage-first heap   total 126976K, used 14312K [0x0000000084e00000, 0x0000000100000000)
  region size 1024K, 6 young (6144K), 6 survivors (6144K)
 Metaspace       used 20754K, committed 20992K, reserved 1073152K
  class space    used 2587K, committed 2688K, reserved 1048576K
}
Event: 11.062 GC heap before
{Heap before GC invocations=4 (full 0):
 garbage-first heap   total 126976K, used 20456K [0x0000000084e00000, 0x0000000100000000)
  region size 1024K, 13 young (13312K), 6 survivors (6144K)
 Metaspace       used 21262K, committed 21504K, reserved 1073152K
  class space    used 2647K, committed 2752K, reserved 1048576K
}
Event: 11.087 GC heap after
{Heap after GC invocations=5 (full 0):
 garbage-first heap   total 126976K, used 14848K [0x0000000084e00000, 0x0000000100000000)
  region size 1024K, 5 young (5120K), 5 survivors (5120K)
 Metaspace       used 21262K, committed 21504K, reserved 1073152K
  class space    used 2647K, committed 2752K, reserved 1048576K
}
Event: 12.862 GC heap before
{Heap before GC invocations=6 (full 0):
 garbage-first heap   total 58368K, used 44544K [0x0000000084e00000, 0x0000000100000000)
  region size 1024K, 34 young (34816K), 5 survivors (5120K)
 Metaspace       used 24337K, committed 24576K, reserved 1073152K
  class space    used 3084K, committed 3200K, reserved 1048576K
}
Event: 12.875 GC heap after
{Heap after GC invocations=7 (full 0):
 garbage-first heap   total 58368K, used 16781K [0x0000000084e00000, 0x0000000100000000)
  region size 1024K, 3 young (3072K), 3 survivors (3072K)
 Metaspace       used 24337K, committed 24576K, reserved 1073152K
  class space    used 3084K, committed 3200K, reserved 1048576K
}
Event: 15.362 GC heap before
{Heap before GC invocations=7 (full 0):
 garbage-first heap   total 58368K, used 41357K [0x0000000084e00000, 0x0000000100000000)
  region size 1024K, 27 young (27648K), 3 survivors (3072K)
 Metaspace       used 28206K, committed 28544K, reserved 1081344K
  class space    used 3636K, committed 3840K, reserved 1048576K
}
Event: 15.373 GC heap after
{Heap after GC invocations=8 (full 0):
 garbage-first heap   total 58368K, used 18752K [0x0000000084e00000, 0x0000000100000000)
  region size 1024K, 4 young (4096K), 4 survivors (4096K)
 Metaspace       used 28206K, committed 28544K, reserved 1081344K
  class space    used 3636K, committed 3840K, reserved 1048576K
}

