# JRE version: Java(TM) SE Runtime Environment (17.0.7+8) (build 17.0.7+8-LTS-224)
# Java VM: Java HotSpot(TM) 64-Bit Server VM (17.0.7+8-LTS-224, mixed mode, sharing, tiered, compressed oops, compressed class ptrs, g1 gc, windows-amd64)
GC Precious Log:
 CPUs: 4 total, 4 available
 Memory: 7879M
 Large Page Support: Disabled
 NUMA Support: Disabled
 Compressed Oops: Enabled (32-bit)
 Heap Region Size: 1M
 Heap Min Capacity: 8M
 Heap Initial Capacity: 124M
 Heap Max Capacity: 1970M
 Pre-touch: Disabled
 Parallel Workers: 4
 Concurrent Workers: 1
 Concurrent Refinement Workers: 4
 Periodic GC: Disabled
Heap:
 garbage-first heap   total 58368K, used 33403K [0x0000000084e00000, 0x0000000100000000)
  region size 1024K, 16 young (16384K), 2 survivors (2048K)
 Metaspace       used 33637K, committed 34048K, reserved 1081344K
  class space    used 4308K, committed 4480K, reserved 1048576K
GC Heap History (16 events):
Event: 1.972 GC heap before
{Heap before GC invocations=0 (full 0):
 garbage-first heap   total 126976K, used 13312K [0x0000000084e00000, 0x0000000100000000)
  region size 1024K, 13 young (13312K), 0 survivors (0K)
 Metaspace       used 2715K, committed 2816K, reserved 1056768K
  class space    used 245K, committed 320K, reserved 1048576K
}
Event: 1.982 GC heap after
{Heap after GC invocations=1 (full 0):
 garbage-first heap   total 126976K, used 7569K [0x0000000084e00000, 0x0000000100000000)
  region size 1024K, 2 young (2048K), 2 survivors (2048K)
 Metaspace       used 2715K, committed 2816K, reserved 1056768K
  class space    used 245K, committed 320K, reserved 1048576K
}
Event: 2.850 GC heap before
{Heap before GC invocations=1 (full 0):
 garbage-first heap   total 126976K, used 14737K [0x0000000084e00000, 0x0000000100000000)
  region size 1024K, 9 young (9216K), 2 survivors (2048K)
 Metaspace       used 4528K, committed 4736K, reserved 1056768K
  class space    used 474K, committed 576K, reserved 1048576K
}
Event: 2.856 GC heap after
{Heap after GC invocations=2 (full 0):
 garbage-first heap   total 126976K, used 8606K [0x0000000084e00000, 0x0000000100000000)
  region size 1024K, 1 young (1024K), 1 survivors (1024K)
 Metaspace       used 4528K, committed 4736K, reserved 1056768K
  class space    used 474K, committed 576K, reserved 1048576K
}
Event: 5.136 GC heap before
{Heap before GC invocations=2 (full 0):
 garbage-first heap   total 126976K, used 30110K [0x0000000084e00000, 0x0000000100000000)
  region size 1024K, 22 young (22528K), 1 survivors (1024K)
 Metaspace       used 9703K, committed 9920K, reserved 1064960K
  class space    used 1183K, committed 1280K, reserved 1048576K
}
Event: 5.142 GC heap after
{Heap after GC invocations=3 (full 0):
 garbage-first heap   total 126976K, used 10387K [0x0000000084e00000, 0x0000000100000000)
  region size 1024K, 3 young (3072K), 3 survivors (3072K)
 Metaspace       used 9703K, committed 9920K, reserved 1064960K
  class space    used 1183K, committed 1280K, reserved 1048576K
}
Event: 8.364 GC heap before
{Heap before GC invocations=3 (full 0):
 garbage-first heap   total 126976K, used 82067K [0x0000000084e00000, 0x0000000100000000)
  region size 1024K, 74 young (75776K), 3 survivors (3072K)
 Metaspace       used 20785K, committed 20992K, reserved 1073152K
  class space    used 2593K, committed 2688K, reserved 1048576K
}
Event: 8.376 GC heap after
{Heap after GC invocations=4 (full 0):
 garbage-first heap   total 126976K, used 14210K [0x0000000084e00000, 0x0000000100000000)
  region size 1024K, 6 young (6144K), 6 survivors (6144K)
 Metaspace       used 20785K, committed 20992K, reserved 1073152K
  class space    used 2593K, committed 2688K, reserved 1048576K
}
Event: 8.755 GC heap before
{Heap before GC invocations=4 (full 0):
 garbage-first heap   total 126976K, used 21378K [0x0000000084e00000, 0x0000000100000000)
  region size 1024K, 14 young (14336K), 6 survivors (6144K)
 Metaspace       used 21318K, committed 21504K, reserved 1073152K
  class space    used 2660K, committed 2752K, reserved 1048576K
}
Event: 8.765 GC heap after
{Heap after GC invocations=5 (full 0):
 garbage-first heap   total 126976K, used 15113K [0x0000000084e00000, 0x0000000100000000)
  region size 1024K, 5 young (5120K), 5 survivors (5120K)
 Metaspace       used 21318K, committed 21504K, reserved 1073152K
  class space    used 2660K, committed 2752K, reserved 1048576K
}
Event: 10.421 GC heap before
{Heap before GC invocations=6 (full 0):
 garbage-first heap   total 58368K, used 44809K [0x0000000084e00000, 0x0000000100000000)
  region size 1024K, 34 young (34816K), 5 survivors (5120K)
 Metaspace       used 24385K, committed 24640K, reserved 1073152K
  class space    used 3093K, committed 3200K, reserved 1048576K
}
Event: 10.434 GC heap after
{Heap after GC invocations=7 (full 0):
 garbage-first heap   total 58368K, used 16760K [0x0000000084e00000, 0x0000000100000000)
  region size 1024K, 3 young (3072K), 3 survivors (3072K)
 Metaspace       used 24385K, committed 24640K, reserved 1073152K
  class space    used 3093K, committed 3200K, reserved 1048576K
}
Event: 12.036 GC heap before
{Heap before GC invocations=7 (full 0):
 garbage-first heap   total 58368K, used 41336K [0x0000000084e00000, 0x0000000100000000)
  region size 1024K, 27 young (27648K), 3 survivors (3072K)
 Metaspace       used 28272K, committed 28608K, reserved 1081344K
  class space    used 3642K, committed 3840K, reserved 1048576K
}
Event: 12.045 GC heap after
{Heap after GC invocations=8 (full 0):
 garbage-first heap   total 58368K, used 19033K [0x0000000084e00000, 0x0000000100000000)
  region size 1024K, 4 young (4096K), 4 survivors (4096K)
 Metaspace       used 28272K, committed 28608K, reserved 1081344K
  class space    used 3642K, committed 3840K, reserved 1048576K
}
Event: 13.509 GC heap before
{Heap before GC invocations=8 (full 0):
 garbage-first heap   total 58368K, used 42585K [0x0000000084e00000, 0x0000000100000000)
  region size 1024K, 27 young (27648K), 4 survivors (4096K)
 Metaspace       used 31594K, committed 31936K, reserved 1081344K
  class space    used 4038K, committed 4160K, reserved 1048576K
}
Event: 13.519 GC heap after
{Heap after GC invocations=9 (full 0):
 garbage-first heap   total 58368K, used 21115K [0x0000000084e00000, 0x0000000100000000)
  region size 1024K, 2 young (2048K), 2 survivors (2048K)
 Metaspace       used 31594K, committed 31936K, reserved 1081344K
  class space    used 4038K, committed 4160K, reserved 1048576K
}

