# JRE version: Java(TM) SE Runtime Environment (17.0.7+8) (build 17.0.7+8-LTS-224)
# Java VM: Java HotSpot(TM) 64-Bit Server VM (17.0.7+8-LTS-224, mixed mode, sharing, tiered, compressed oops, compressed class ptrs, g1 gc, windows-amd64)
GC Precious Log:
 CPUs: 4 total, 4 available
 Memory: 7879M
 Large Page Support: Disabled
 NUMA Support: Disabled
 Compressed Oops: Enabled (32-bit)
 Heap Region Size: 1M
 Heap Min Capacity: 8M
 Heap Initial Capacity: 124M
 Heap Max Capacity: 1970M
 Pre-touch: Disabled
 Parallel Workers: 4
 Concurrent Workers: 1
 Concurrent Refinement Workers: 4
 Periodic GC: Disabled
Heap:
 garbage-first heap   total 61440K, used 40328K [0x0000000084e00000, 0x0000000100000000)
  region size 1024K, 12 young (12288K), 3 survivors (3072K)
 Metaspace       used 59308K, committed 59712K, reserved 1105920K
  class space    used 8000K, committed 8192K, reserved 1048576K
GC Heap History (20 events):
Event: 22.647 GC heap before
{Heap before GC invocations=8 (full 0):
 garbage-first heap   total 58368K, used 42408K [0x0000000084e00000, 0x0000000100000000)
  region size 1024K, 27 young (27648K), 4 survivors (4096K)
 Metaspace       used 31607K, committed 31936K, reserved 1081344K
  class space    used 4043K, committed 4160K, reserved 1048576K
}
Event: 22.663 GC heap after
{Heap after GC invocations=9 (full 0):
 garbage-first heap   total 58368K, used 20769K [0x0000000084e00000, 0x0000000100000000)
  region size 1024K, 2 young (2048K), 2 survivors (2048K)
 Metaspace       used 31607K, committed 31936K, reserved 1081344K
  class space    used 4043K, committed 4160K, reserved 1048576K
}
Event: 33.143 GC heap before
{Heap before GC invocations=9 (full 0):
 garbage-first heap   total 58368K, used 42273K [0x0000000084e00000, 0x0000000100000000)
  region size 1024K, 23 young (23552K), 2 survivors (2048K)
 Metaspace       used 35609K, committed 35968K, reserved 1081344K
  class space    used 4648K, committed 4800K, reserved 1048576K
}
Event: 33.151 GC heap after
{Heap after GC invocations=10 (full 0):
 garbage-first heap   total 58368K, used 21693K [0x0000000084e00000, 0x0000000100000000)
  region size 1024K, 3 young (3072K), 3 survivors (3072K)
 Metaspace       used 35609K, committed 35968K, reserved 1081344K
  class space    used 4648K, committed 4800K, reserved 1048576K
}
Event: 33.167 GC heap before
{Heap before GC invocations=10 (full 0):
 garbage-first heap   total 58368K, used 21693K [0x0000000084e00000, 0x0000000100000000)
  region size 1024K, 4 young (4096K), 3 survivors (3072K)
 Metaspace       used 35678K, committed 35968K, reserved 1081344K
  class space    used 4661K, committed 4800K, reserved 1048576K
}
Event: 33.175 GC heap after
{Heap after GC invocations=11 (full 0):
 garbage-first heap   total 58368K, used 21742K [0x0000000084e00000, 0x0000000100000000)
  region size 1024K, 2 young (2048K), 2 survivors (2048K)
 Metaspace       used 35678K, committed 35968K, reserved 1081344K
  class space    used 4661K, committed 4800K, reserved 1048576K
}
Event: 38.626 GC heap before
{Heap before GC invocations=12 (full 0):
 garbage-first heap   total 58368K, used 43246K [0x0000000084e00000, 0x0000000100000000)
  region size 1024K, 24 young (24576K), 2 survivors (2048K)
 Metaspace       used 42005K, committed 42304K, reserved 1089536K
  class space    used 5579K, committed 5760K, reserved 1048576K
}
Event: 38.632 GC heap after
{Heap after GC invocations=13 (full 0):
 garbage-first heap   total 58368K, used 24055K [0x0000000084e00000, 0x0000000100000000)
  region size 1024K, 3 young (3072K), 3 survivors (3072K)
 Metaspace       used 42005K, committed 42304K, reserved 1089536K
  class space    used 5579K, committed 5760K, reserved 1048576K
}
Event: 41.989 GC heap before
{Heap before GC invocations=13 (full 0):
 garbage-first heap   total 58368K, used 43511K [0x0000000084e00000, 0x0000000100000000)
  region size 1024K, 23 young (23552K), 3 survivors (3072K)
 Metaspace       used 47151K, committed 47552K, reserved 1097728K
  class space    used 6361K, committed 6528K, reserved 1048576K
}
Event: 41.998 GC heap after
{Heap after GC invocations=14 (full 0):
 garbage-first heap   total 58368K, used 25371K [0x0000000084e00000, 0x0000000100000000)
  region size 1024K, 2 young (2048K), 2 survivors (2048K)
 Metaspace       used 47151K, committed 47552K, reserved 1097728K
  class space    used 6361K, committed 6528K, reserved 1048576K
}
Event: 44.349 GC heap before
{Heap before GC invocations=14 (full 0):
 garbage-first heap   total 58368K, used 44827K [0x0000000084e00000, 0x0000000100000000)
  region size 1024K, 21 young (21504K), 2 survivors (2048K)
 Metaspace       used 51076K, committed 51392K, reserved 1097728K
  class space    used 6841K, committed 6976K, reserved 1048576K
}
Event: 44.358 GC heap after
{Heap after GC invocations=15 (full 0):
 garbage-first heap   total 58368K, used 26344K [0x0000000084e00000, 0x0000000100000000)
  region size 1024K, 3 young (3072K), 3 survivors (3072K)
 Metaspace       used 51076K, committed 51392K, reserved 1097728K
  class space    used 6841K, committed 6976K, reserved 1048576K
}
Event: 45.388 GC heap before
{Heap before GC invocations=15 (full 0):
 garbage-first heap   total 58368K, used 44776K [0x0000000084e00000, 0x0000000100000000)
  region size 1024K, 21 young (21504K), 3 survivors (3072K)
 Metaspace       used 52948K, committed 53376K, reserved 1097728K
  class space    used 7136K, committed 7360K, reserved 1048576K
}
Event: 45.394 GC heap after
{Heap after GC invocations=16 (full 0):
 garbage-first heap   total 58368K, used 27314K [0x0000000084e00000, 0x0000000100000000)
  region size 1024K, 3 young (3072K), 3 survivors (3072K)
 Metaspace       used 52948K, committed 53376K, reserved 1097728K
  class space    used 7136K, committed 7360K, reserved 1048576K
}
Event: 48.149 GC heap before
{Heap before GC invocations=16 (full 0):
 garbage-first heap   total 58368K, used 45746K [0x0000000084e00000, 0x0000000100000000)
  region size 1024K, 21 young (21504K), 3 survivors (3072K)
 Metaspace       used 54865K, committed 55232K, reserved 1097728K
  class space    used 7370K, committed 7552K, reserved 1048576K
}
Event: 48.159 GC heap after
{Heap after GC invocations=17 (full 0):
 garbage-first heap   total 58368K, used 29179K [0x0000000084e00000, 0x0000000100000000)
  region size 1024K, 3 young (3072K), 3 survivors (3072K)
 Metaspace       used 54865K, committed 55232K, reserved 1097728K
  class space    used 7370K, committed 7552K, reserved 1048576K
}
Event: 49.948 GC heap before
{Heap before GC invocations=18 (full 0):
 garbage-first heap   total 58368K, used 45563K [0x0000000084e00000, 0x0000000100000000)
  region size 1024K, 19 young (19456K), 3 survivors (3072K)
 Metaspace       used 56872K, committed 57280K, reserved 1105920K
  class space    used 7665K, committed 7872K, reserved 1048576K
}
Event: 49.960 GC heap after
{Heap after GC invocations=19 (full 0):
 garbage-first heap   total 58368K, used 30915K [0x0000000084e00000, 0x0000000100000000)
  region size 1024K, 2 young (2048K), 2 survivors (2048K)
 Metaspace       used 56872K, committed 57280K, reserved 1105920K
  class space    used 7665K, committed 7872K, reserved 1048576K
}
Event: 51.248 GC heap before
{Heap before GC invocations=19 (full 0):
 garbage-first heap   total 58368K, used 46275K [0x0000000084e00000, 0x0000000100000000)
  region size 1024K, 17 young (17408K), 2 survivors (2048K)
 Metaspace       used 58412K, committed 58816K, reserved 1105920K
  class space    used 7888K, committed 8064K, reserved 1048576K
}
Event: 51.256 GC heap after
{Heap after GC invocations=20 (full 0):
 garbage-first heap   total 58368K, used 32136K [0x0000000084e00000, 0x0000000100000000)
  region size 1024K, 3 young (3072K), 3 survivors (3072K)
 Metaspace       used 58412K, committed 58816K, reserved 1105920K
  class space    used 7888K, committed 8064K, reserved 1048576K
}

