# JRE version: Java(TM) SE Runtime Environment (17.0.7+8) (build 17.0.7+8-LTS-224)
# Java VM: Java HotSpot(TM) 64-Bit Server VM (17.0.7+8-LTS-224, mixed mode, sharing, tiered, compressed oops, compressed class ptrs, g1 gc, windows-amd64)
GC Precious Log:
 CPUs: 4 total, 4 available
 Memory: 7879M
 Large Page Support: Disabled
 NUMA Support: Disabled
 Compressed Oops: Enabled (32-bit)
 Heap Region Size: 1M
 Heap Min Capacity: 8M
 Heap Initial Capacity: 124M
 Heap Max Capacity: 1970M
 Pre-touch: Disabled
 Parallel Workers: 4
 Concurrent Workers: 1
 Concurrent Refinement Workers: 4
 Periodic GC: Disabled
Heap:
 garbage-first heap   total 126976K, used 68297K [0x0000000084e00000, 0x0000000100000000)
  region size 1024K, 65 young (66560K), 10 survivors (10240K)
 Metaspace       used 14499K, committed 14656K, reserved 1064960K
  class space    used 1587K, committed 1664K, reserved 1048576K
GC Heap History (8 events):
Event: 1.531 GC heap before
{Heap before GC invocations=0 (full 0):
 garbage-first heap   total 126976K, used 12288K [0x0000000084e00000, 0x0000000100000000)
  region size 1024K, 13 young (13312K), 0 survivors (0K)
 Metaspace       used 3650K, committed 3840K, reserved 1056768K
  class space    used 359K, committed 448K, reserved 1048576K
}
Event: 1.543 GC heap after
{Heap after GC invocations=1 (full 0):
 garbage-first heap   total 126976K, used 3411K [0x0000000084e00000, 0x0000000100000000)
  region size 1024K, 2 young (2048K), 2 survivors (2048K)
 Metaspace       used 3650K, committed 3840K, reserved 1056768K
  class space    used 359K, committed 448K, reserved 1048576K
}
Event: 2.048 GC heap before
{Heap before GC invocations=1 (full 0):
 garbage-first heap   total 126976K, used 13651K [0x0000000084e00000, 0x0000000100000000)
  region size 1024K, 13 young (13312K), 2 survivors (2048K)
 Metaspace       used 5348K, committed 5504K, reserved 1056768K
  class space    used 610K, committed 704K, reserved 1048576K
}
Event: 2.056 GC heap after
{Heap after GC invocations=2 (full 0):
 garbage-first heap   total 126976K, used 4214K [0x0000000084e00000, 0x0000000100000000)
  region size 1024K, 1 young (1024K), 1 survivors (1024K)
 Metaspace       used 5348K, committed 5504K, reserved 1056768K
  class space    used 610K, committed 704K, reserved 1048576K
}
Event: 4.372 GC heap before
{Heap before GC invocations=2 (full 0):
 garbage-first heap   total 126976K, used 32886K [0x0000000084e00000, 0x0000000100000000)
  region size 1024K, 29 young (29696K), 1 survivors (1024K)
 Metaspace       used 9790K, committed 9984K, reserved 1064960K
  class space    used 1183K, committed 1280K, reserved 1048576K
}
Event: 4.381 GC heap after
{Heap after GC invocations=3 (full 0):
 garbage-first heap   total 126976K, used 5809K [0x0000000084e00000, 0x0000000100000000)
  region size 1024K, 3 young (3072K), 3 survivors (3072K)
 Metaspace       used 9790K, committed 9984K, reserved 1064960K
  class space    used 1183K, committed 1280K, reserved 1048576K
}
Event: 9.544 GC heap before
{Heap before GC invocations=3 (full 0):
 garbage-first heap   total 126976K, used 78513K [0x0000000084e00000, 0x0000000100000000)
  region size 1024K, 74 young (75776K), 3 survivors (3072K)
 Metaspace       used 13392K, committed 13568K, reserved 1064960K
  class space    used 1506K, committed 1600K, reserved 1048576K
}
Event: 9.575 GC heap after
{Heap after GC invocations=4 (full 0):
 garbage-first heap   total 126976K, used 13001K [0x0000000084e00000, 0x0000000100000000)
  region size 1024K, 10 young (10240K), 10 survivors (10240K)
 Metaspace       used 13392K, committed 13568K, reserved 1064960K
  class space    used 1506K, committed 1600K, reserved 1048576K
}

