# JRE version: Java(TM) SE Runtime Environment (17.0.7+8) (build 17.0.7+8-LTS-224)
# Java VM: Java HotSpot(TM) 64-Bit Server VM (17.0.7+8-LTS-224, mixed mode, sharing, tiered, compressed oops, compressed class ptrs, g1 gc, windows-amd64)
GC Precious Log:
 CPUs: 4 total, 4 available
 Memory: 7879M
 Large Page Support: Disabled
 NUMA Support: Disabled
 Compressed Oops: Enabled (32-bit)
 Heap Region Size: 1M
 Heap Min Capacity: 8M
 Heap Initial Capacity: 124M
 Heap Max Capacity: 1970M
 Pre-touch: Disabled
 Parallel Workers: 4
 Concurrent Workers: 1
 Concurrent Refinement Workers: 4
 Periodic GC: Disabled
Heap:
 garbage-first heap   total 55296K, used 34987K [0x0000000084e00000, 0x0000000100000000)
  region size 1024K, 16 young (16384K), 2 survivors (2048K)
 Metaspace       used 40023K, committed 40384K, reserved 1089536K
  class space    used 5291K, committed 5440K, reserved 1048576K
GC Heap History (20 events):
Event: 2.021 GC heap before
{Heap before GC invocations=1 (full 0):
 garbage-first heap   total 126976K, used 15075K [0x0000000084e00000, 0x0000000100000000)
  region size 1024K, 9 young (9216K), 2 survivors (2048K)
 Metaspace       used 4666K, committed 4864K, reserved 1056768K
  class space    used 484K, committed 576K, reserved 1048576K
}
Event: 2.027 GC heap after
{Heap after GC invocations=2 (full 0):
 garbage-first heap   total 126976K, used 8408K [0x0000000084e00000, 0x0000000100000000)
  region size 1024K, 1 young (1024K), 1 survivors (1024K)
 Metaspace       used 4666K, committed 4864K, reserved 1056768K
  class space    used 484K, committed 576K, reserved 1048576K
}
Event: 3.596 GC heap before
{Heap before GC invocations=2 (full 0):
 garbage-first heap   total 126976K, used 27864K [0x0000000084e00000, 0x0000000100000000)
  region size 1024K, 21 young (21504K), 1 survivors (1024K)
 Metaspace       used 9429K, committed 9600K, reserved 1064960K
  class space    used 1150K, committed 1216K, reserved 1048576K
}
Event: 3.601 GC heap after
{Heap after GC invocations=3 (full 0):
 garbage-first heap   total 126976K, used 9983K [0x0000000084e00000, 0x0000000100000000)
  region size 1024K, 3 young (3072K), 3 survivors (3072K)
 Metaspace       used 9429K, committed 9600K, reserved 1064960K
  class space    used 1150K, committed 1216K, reserved 1048576K
}
Event: 6.924 GC heap before
{Heap before GC invocations=3 (full 0):
 garbage-first heap   total 126976K, used 81663K [0x0000000084e00000, 0x0000000100000000)
  region size 1024K, 74 young (75776K), 3 survivors (3072K)
 Metaspace       used 20796K, committed 20992K, reserved 1073152K
  class space    used 2597K, committed 2688K, reserved 1048576K
}
Event: 6.936 GC heap after
{Heap after GC invocations=4 (full 0):
 garbage-first heap   total 126976K, used 13889K [0x0000000084e00000, 0x0000000100000000)
  region size 1024K, 7 young (7168K), 7 survivors (7168K)
 Metaspace       used 20796K, committed 20992K, reserved 1073152K
  class space    used 2597K, committed 2688K, reserved 1048576K
}
Event: 7.242 GC heap before
{Heap before GC invocations=4 (full 0):
 garbage-first heap   total 126976K, used 20033K [0x0000000084e00000, 0x0000000100000000)
  region size 1024K, 14 young (14336K), 7 survivors (7168K)
 Metaspace       used 21287K, committed 21504K, reserved 1073152K
  class space    used 2654K, committed 2752K, reserved 1048576K
}
Event: 7.253 GC heap after
{Heap after GC invocations=5 (full 0):
 garbage-first heap   total 126976K, used 14405K [0x0000000084e00000, 0x0000000100000000)
  region size 1024K, 5 young (5120K), 5 survivors (5120K)
 Metaspace       used 21287K, committed 21504K, reserved 1073152K
  class space    used 2654K, committed 2752K, reserved 1048576K
}
Event: 8.991 GC heap before
{Heap before GC invocations=6 (full 0):
 garbage-first heap   total 55296K, used 42053K [0x0000000084e00000, 0x0000000100000000)
  region size 1024K, 32 young (32768K), 5 survivors (5120K)
 Metaspace       used 24219K, committed 24512K, reserved 1073152K
  class space    used 3076K, committed 3200K, reserved 1048576K
}
Event: 9.003 GC heap after
{Heap after GC invocations=7 (full 0):
 garbage-first heap   total 55296K, used 16156K [0x0000000084e00000, 0x0000000100000000)
  region size 1024K, 3 young (3072K), 3 survivors (3072K)
 Metaspace       used 24219K, committed 24512K, reserved 1073152K
  class space    used 3076K, committed 3200K, reserved 1048576K
}
Event: 9.064 GC heap before
{Heap before GC invocations=7 (full 0):
 garbage-first heap   total 55296K, used 17180K [0x0000000084e00000, 0x0000000100000000)
  region size 1024K, 4 young (4096K), 3 survivors (3072K)
 Metaspace       used 24315K, committed 24576K, reserved 1073152K
  class space    used 3086K, committed 3200K, reserved 1048576K
}
Event: 9.070 GC heap after
{Heap after GC invocations=8 (full 0):
 garbage-first heap   total 55296K, used 16642K [0x0000000084e00000, 0x0000000100000000)
  region size 1024K, 1 young (1024K), 1 survivors (1024K)
 Metaspace       used 24315K, committed 24576K, reserved 1073152K
  class space    used 3086K, committed 3200K, reserved 1048576K
}
Event: 10.925 GC heap before
{Heap before GC invocations=8 (full 0):
 garbage-first heap   total 55296K, used 39170K [0x0000000084e00000, 0x0000000100000000)
  region size 1024K, 23 young (23552K), 1 survivors (1024K)
 Metaspace       used 27965K, committed 28288K, reserved 1081344K
  class space    used 3596K, committed 3776K, reserved 1048576K
}
Event: 10.932 GC heap after
{Heap after GC invocations=9 (full 0):
 garbage-first heap   total 55296K, used 18382K [0x0000000084e00000, 0x0000000100000000)
  region size 1024K, 3 young (3072K), 3 survivors (3072K)
 Metaspace       used 27965K, committed 28288K, reserved 1081344K
  class space    used 3596K, committed 3776K, reserved 1048576K
}
Event: 13.578 GC heap before
{Heap before GC invocations=9 (full 0):
 garbage-first heap   total 55296K, used 39886K [0x0000000084e00000, 0x0000000100000000)
  region size 1024K, 24 young (24576K), 3 survivors (3072K)
 Metaspace       used 31375K, committed 31680K, reserved 1081344K
  class space    used 4015K, committed 4160K, reserved 1048576K
}
Event: 13.588 GC heap after
{Heap after GC invocations=10 (full 0):
 garbage-first heap   total 55296K, used 20311K [0x0000000084e00000, 0x0000000100000000)
  region size 1024K, 2 young (2048K), 2 survivors (2048K)
 Metaspace       used 31375K, committed 31680K, reserved 1081344K
  class space    used 4015K, committed 4160K, reserved 1048576K
}
Event: 15.459 GC heap before
{Heap before GC invocations=10 (full 0):
 garbage-first heap   total 55296K, used 39767K [0x0000000084e00000, 0x0000000100000000)
  region size 1024K, 22 young (22528K), 2 survivors (2048K)
 Metaspace       used 34413K, committed 34816K, reserved 1081344K
  class space    used 4416K, committed 4608K, reserved 1048576K
}
Event: 15.465 GC heap after
{Heap after GC invocations=11 (full 0):
 garbage-first heap   total 55296K, used 21593K [0x0000000084e00000, 0x0000000100000000)
  region size 1024K, 2 young (2048K), 2 survivors (2048K)
 Metaspace       used 34413K, committed 34816K, reserved 1081344K
  class space    used 4416K, committed 4608K, reserved 1048576K
}
Event: 15.861 GC heap before
{Heap before GC invocations=11 (full 0):
 garbage-first heap   total 55296K, used 26713K [0x0000000084e00000, 0x0000000100000000)
  region size 1024K, 8 young (8192K), 2 survivors (2048K)
 Metaspace       used 35591K, committed 35968K, reserved 1081344K
  class space    used 4644K, committed 4864K, reserved 1048576K
}
Event: 15.864 GC heap after
{Heap after GC invocations=12 (full 0):
 garbage-first heap   total 55296K, used 21675K [0x0000000084e00000, 0x0000000100000000)
  region size 1024K, 2 young (2048K), 2 survivors (2048K)
 Metaspace       used 35591K, committed 35968K, reserved 1081344K
  class space    used 4644K, committed 4864K, reserved 1048576K
}

